# JRE version: OpenJDK Runtime Environment (11.0.15) (build 11.0.15+0-b2043.56-8887301)
# Java VM: OpenJDK 64-Bit Server VM (11.0.15+0-b2043.56-8887301, mixed mode, tiered, compressed oops, g1 gc, linux-amd64)
Heap:
 garbage-first heap   total 318464K, used 256845K [0x0000000080000000, 0x0000000100000000)
  region size 1024K, 76 young (77824K), 2 survivors (2048K)
 Metaspace       used 111825K, capacity 114860K, committed 115068K, reserved 1148928K
  class space    used 14381K, capacity 15499K, committed 15564K, reserved 1048576K
GC Heap History (20 events):
Event: 10.884 GC heap after
{Heap after GC invocations=25 (full 0):
 garbage-first heap   total 220160K, used 122079K [0x0000000080000000, 0x0000000100000000)
  region size 1024K, 6 young (6144K), 6 survivors (6144K)
 Metaspace       used 69046K, capacity 70951K, committed 71292K, reserved 1112064K
  class space    used 8862K, capacity 9618K, committed 9676K, reserved 1048576K
}
Event: 11.127 GC heap before
{Heap before GC invocations=25 (full 0):
 garbage-first heap   total 220160K, used 139487K [0x0000000080000000, 0x0000000100000000)
  region size 1024K, 24 young (24576K), 6 survivors (6144K)
 Metaspace       used 70351K, capacity 72360K, committed 72700K, reserved 1112064K
  class space    used 9041K, capacity 9785K, committed 9804K, reserved 1048576K
}
Event: 11.142 GC heap after
{Heap after GC invocations=26 (full 0):
 garbage-first heap   total 220160K, used 123757K [0x0000000080000000, 0x0000000100000000)
  region size 1024K, 2 young (2048K), 2 survivors (2048K)
 Metaspace       used 70351K, capacity 72360K, committed 72700K, reserved 1112064K
  class space    used 9041K, capacity 9785K, committed 9804K, reserved 1048576K
}
Event: 12.019 GC heap before
{Heap before GC invocations=27 (full 0):
 garbage-first heap   total 220160K, used 170861K [0x0000000080000000, 0x0000000100000000)
  region size 1024K, 47 young (48128K), 2 survivors (2048K)
 Metaspace       used 75212K, capacity 77307K, committed 77436K, reserved 1116160K
  class space    used 9624K, capacity 10418K, committed 10444K, reserved 1048576K
}
Event: 12.036 GC heap after
{Heap after GC invocations=28 (full 0):
 garbage-first heap   total 265216K, used 125396K [0x0000000080000000, 0x0000000100000000)
  region size 1024K, 4 young (4096K), 4 survivors (4096K)
 Metaspace       used 75212K, capacity 77307K, committed 77436K, reserved 1116160K
  class space    used 9624K, capacity 10418K, committed 10444K, reserved 1048576K
}
Event: 12.889 GC heap before
{Heap before GC invocations=28 (full 0):
 garbage-first heap   total 265216K, used 194004K [0x0000000080000000, 0x0000000100000000)
  region size 1024K, 71 young (72704K), 4 survivors (4096K)
 Metaspace       used 78940K, capacity 81150K, committed 81404K, reserved 1120256K
  class space    used 10214K, capacity 11036K, committed 11084K, reserved 1048576K
}
Event: 12.905 GC heap after
{Heap after GC invocations=29 (full 0):
 garbage-first heap   total 265216K, used 129768K [0x0000000080000000, 0x0000000100000000)
  region size 1024K, 8 young (8192K), 8 survivors (8192K)
 Metaspace       used 78940K, capacity 81150K, committed 81404K, reserved 1120256K
  class space    used 10214K, capacity 11036K, committed 11084K, reserved 1048576K
}
Event: 13.751 GC heap before
{Heap before GC invocations=30 (full 0):
 garbage-first heap   total 265216K, used 176872K [0x0000000080000000, 0x0000000100000000)
  region size 1024K, 55 young (56320K), 8 survivors (8192K)
 Metaspace       used 83888K, capacity 86091K, committed 86268K, reserved 1124352K
  class space    used 10961K, capacity 11836K, committed 11852K, reserved 1048576K
}
Event: 13.775 GC heap after
{Heap after GC invocations=31 (full 0):
 garbage-first heap   total 265216K, used 132929K [0x0000000080000000, 0x0000000100000000)
  region size 1024K, 8 young (8192K), 8 survivors (8192K)
 Metaspace       used 83888K, capacity 86091K, committed 86268K, reserved 1124352K
  class space    used 10961K, capacity 11836K, committed 11852K, reserved 1048576K
}
Event: 14.593 GC heap before
{Heap before GC invocations=32 (full 0):
 garbage-first heap   total 265216K, used 227137K [0x0000000080000000, 0x0000000100000000)
  region size 1024K, 74 young (75776K), 8 survivors (8192K)
 Metaspace       used 86722K, capacity 89293K, committed 89596K, reserved 1126400K
  class space    used 11352K, capacity 12290K, committed 12364K, reserved 1048576K
}
Event: 14.624 GC heap after
{Heap after GC invocations=33 (full 0):
 garbage-first heap   total 265216K, used 167655K [0x0000000080000000, 0x0000000100000000)
  region size 1024K, 10 young (10240K), 10 survivors (10240K)
 Metaspace       used 86722K, capacity 89293K, committed 89596K, reserved 1126400K
  class space    used 11352K, capacity 12290K, committed 12364K, reserved 1048576K
}
Event: 14.997 GC heap before
{Heap before GC invocations=33 (full 0):
 garbage-first heap   total 265216K, used 218855K [0x0000000080000000, 0x0000000100000000)
  region size 1024K, 61 young (62464K), 10 survivors (10240K)
 Metaspace       used 88088K, capacity 90614K, committed 90748K, reserved 1128448K
  class space    used 11540K, capacity 12470K, committed 12492K, reserved 1048576K
}
Event: 15.014 GC heap after
{Heap after GC invocations=34 (full 0):
 garbage-first heap   total 318464K, used 170290K [0x0000000080000000, 0x0000000100000000)
  region size 1024K, 3 young (3072K), 3 survivors (3072K)
 Metaspace       used 88088K, capacity 90614K, committed 90748K, reserved 1128448K
  class space    used 11540K, capacity 12470K, committed 12492K, reserved 1048576K
}
Event: 15.648 GC heap before
{Heap before GC invocations=35 (full 0):
 garbage-first heap   total 318464K, used 242994K [0x0000000080000000, 0x0000000100000000)
  region size 1024K, 74 young (75776K), 3 survivors (3072K)
 Metaspace       used 93296K, capacity 95798K, committed 95996K, reserved 1132544K
  class space    used 12150K, capacity 13084K, committed 13132K, reserved 1048576K
}
Event: 15.663 GC heap after
{Heap after GC invocations=36 (full 0):
 garbage-first heap   total 318464K, used 170705K [0x0000000080000000, 0x0000000100000000)
  region size 1024K, 3 young (3072K), 3 survivors (3072K)
 Metaspace       used 93296K, capacity 95798K, committed 95996K, reserved 1132544K
  class space    used 12150K, capacity 13084K, committed 13132K, reserved 1048576K
}
Event: 17.056 GC heap before
{Heap before GC invocations=36 (full 0):
 garbage-first heap   total 318464K, used 247505K [0x0000000080000000, 0x0000000100000000)
  region size 1024K, 78 young (79872K), 3 survivors (3072K)
 Metaspace       used 101459K, capacity 104274K, committed 104444K, reserved 1138688K
  class space    used 13243K, capacity 14282K, committed 14412K, reserved 1048576K
}
Event: 17.072 GC heap after
{Heap after GC invocations=37 (full 0):
 garbage-first heap   total 318464K, used 175194K [0x0000000080000000, 0x0000000100000000)
  region size 1024K, 8 young (8192K), 8 survivors (8192K)
 Metaspace       used 101459K, capacity 104274K, committed 104444K, reserved 1138688K
  class space    used 13243K, capacity 14282K, committed 14412K, reserved 1048576K
}
Event: 19.433 GC heap before
{Heap before GC invocations=38 (full 0):
 garbage-first heap   total 318464K, used 250970K [0x0000000080000000, 0x0000000100000000)
  region size 1024K, 83 young (84992K), 8 survivors (8192K)
 Metaspace       used 109667K, capacity 112538K, committed 112764K, reserved 1146880K
  class space    used 14161K, capacity 15228K, committed 15308K, reserved 1048576K
}
Event: 19.459 GC heap after
{Heap after GC invocations=39 (full 0):
 garbage-first heap   total 318464K, used 181069K [0x0000000080000000, 0x0000000100000000)
  region size 1024K, 11 young (11264K), 11 survivors (11264K)
 Metaspace       used 109667K, capacity 112538K, committed 112764K, reserved 1146880K
  class space    used 14161K, capacity 15228K, committed 15308K, reserved 1048576K
}
Event: 20.614 GC heap before
{Heap before GC invocations=39 (full 0):
 garbage-first heap   total 318464K, used 255821K [0x0000000080000000, 0x0000000100000000)
  region size 1024K, 85 young (87040K), 11 survivors (11264K)
 Metaspace       used 111825K, capacity 114860K, committed 115068K, reserved 1148928K
  class space    used 14381K, capacity 15499K, committed 15564K, reserved 1048576K
}

