# JRE version: OpenJDK Runtime Environment (11.0.13) (build 11.0.13+0-b1751.21-8125866)
# Java VM: OpenJDK 64-Bit Server VM (11.0.13+0-b1751.21-8125866, mixed mode, tiered, compressed oops, g1 gc, linux-amd64)
Heap:
 garbage-first heap   total 126976K, used 40388K [0x0000000085400000, 0x0000000100000000)
  region size 1024K, 18 young (18432K), 2 survivors (2048K)
 Metaspace       used 34872K, capacity 35311K, committed 35628K, reserved 1081344K
  class space    used 4264K, capacity 4466K, committed 4480K, reserved 1048576K
GC Heap History (7 events):
Event: 0.365 GC heap before
{Heap before GC invocations=0 (full 0):
 garbage-first heap   total 126976K, used 19456K [0x0000000085400000, 0x0000000100000000)
  region size 1024K, 14 young (14336K), 0 survivors (0K)
 Metaspace       used 9938K, capacity 10034K, committed 10368K, reserved 1058816K
  class space    used 835K, capacity 853K, committed 896K, reserved 1048576K
}
Event: 0.368 GC heap after
{Heap after GC invocations=1 (full 0):
 garbage-first heap   total 126976K, used 6352K [0x0000000085400000, 0x0000000100000000)
  region size 1024K, 2 young (2048K), 2 survivors (2048K)
 Metaspace       used 9938K, capacity 10034K, committed 10368K, reserved 1058816K
  class space    used 835K, capacity 853K, committed 896K, reserved 1048576K
}
Event: 1.084 GC heap before
{Heap before GC invocations=1 (full 0):
 garbage-first heap   total 126976K, used 53456K [0x0000000085400000, 0x0000000100000000)
  region size 1024K, 49 young (50176K), 2 survivors (2048K)
 Metaspace       used 20900K, capacity 21125K, committed 21248K, reserved 1069056K
  class space    used 2218K, capacity 2303K, committed 2304K, reserved 1048576K
}
Event: 1.095 GC heap after
{Heap after GC invocations=2 (full 0):
 garbage-first heap   total 126976K, used 10561K [0x0000000085400000, 0x0000000100000000)
  region size 1024K, 7 young (7168K), 7 survivors (7168K)
 Metaspace       used 20900K, capacity 21125K, committed 21248K, reserved 1069056K
  class space    used 2218K, capacity 2303K, committed 2304K, reserved 1048576K
}
Event: 1.793 GC heap before
{Heap before GC invocations=3 (full 0):
 garbage-first heap   total 126976K, used 64833K [0x0000000085400000, 0x0000000100000000)
  region size 1024K, 54 young (55296K), 7 survivors (7168K)
 Metaspace       used 30788K, capacity 31205K, committed 31488K, reserved 1077248K
  class space    used 3621K, capacity 3824K, committed 3840K, reserved 1048576K
}
Event: 1.819 GC heap after
{Heap after GC invocations=4 (full 0):
 garbage-first heap   total 126976K, used 24004K [0x0000000085400000, 0x0000000100000000)
  region size 1024K, 7 young (7168K), 7 survivors (7168K)
 Metaspace       used 30788K, capacity 31205K, committed 31488K, reserved 1077248K
  class space    used 3621K, capacity 3824K, committed 3840K, reserved 1048576K
}
Event: 2.120 GC heap before
{Heap before GC invocations=4 (full 0):
 garbage-first heap   total 126976K, used 39364K [0x0000000085400000, 0x0000000100000000)
  region size 1024K, 23 young (23552K), 7 survivors (7168K)
 Metaspace       used 34872K, capacity 35311K, committed 35628K, reserved 1081344K
  class space    used 4264K, capacity 4466K, committed 4480K, reserved 1048576K
}

