# JRE version: OpenJDK Runtime Environment (11.0.13) (build 11.0.13+0-b1751.21-8125866)
# Java VM: OpenJDK 64-Bit Server VM (11.0.13+0-b1751.21-8125866, mixed mode, tiered, compressed oops, g1 gc, linux-amd64)
Heap:
 garbage-first heap   total 165888K, used 70335K [0x0000000085400000, 0x0000000100000000)
  region size 1024K, 46 young (47104K), 7 survivors (7168K)
 Metaspace       used 49463K, capacity 49981K, committed 50892K, reserved 1093632K
  class space    used 5767K, capacity 5982K, committed 6092K, reserved 1048576K
GC Heap History (10 events):
Event: 0.373 GC heap before
{Heap before GC invocations=0 (full 0):
 garbage-first heap   total 126976K, used 19456K [0x0000000085400000, 0x0000000100000000)
  region size 1024K, 14 young (14336K), 0 survivors (0K)
 Metaspace       used 9943K, capacity 10034K, committed 10368K, reserved 1058816K
  class space    used 835K, capacity 853K, committed 896K, reserved 1048576K
}
Event: 0.376 GC heap after
{Heap after GC invocations=1 (full 0):
 garbage-first heap   total 126976K, used 6396K [0x0000000085400000, 0x0000000100000000)
  region size 1024K, 2 young (2048K), 2 survivors (2048K)
 Metaspace       used 9943K, capacity 10034K, committed 10368K, reserved 1058816K
  class space    used 835K, capacity 853K, committed 896K, reserved 1048576K
}
Event: 1.071 GC heap before
{Heap before GC invocations=1 (full 0):
 garbage-first heap   total 126976K, used 52476K [0x0000000085400000, 0x0000000100000000)
  region size 1024K, 48 young (49152K), 2 survivors (2048K)
 Metaspace       used 20793K, capacity 20985K, committed 21248K, reserved 1069056K
  class space    used 2206K, capacity 2298K, committed 2304K, reserved 1048576K
}
Event: 1.081 GC heap after
{Heap after GC invocations=2 (full 0):
 garbage-first heap   total 126976K, used 10492K [0x0000000085400000, 0x0000000100000000)
  region size 1024K, 6 young (6144K), 6 survivors (6144K)
 Metaspace       used 20793K, capacity 20985K, committed 21248K, reserved 1069056K
  class space    used 2206K, capacity 2298K, committed 2304K, reserved 1048576K
}
Event: 1.782 GC heap before
{Heap before GC invocations=3 (full 0):
 garbage-first heap   total 126976K, used 63740K [0x0000000085400000, 0x0000000100000000)
  region size 1024K, 52 young (53248K), 6 survivors (6144K)
 Metaspace       used 30781K, capacity 31205K, committed 31488K, reserved 1077248K
  class space    used 3622K, capacity 3824K, committed 3840K, reserved 1048576K
}
Event: 1.805 GC heap after
{Heap after GC invocations=4 (full 0):
 garbage-first heap   total 126976K, used 23508K [0x0000000085400000, 0x0000000100000000)
  region size 1024K, 7 young (7168K), 7 survivors (7168K)
 Metaspace       used 30781K, capacity 31205K, committed 31488K, reserved 1077248K
  class space    used 3622K, capacity 3824K, committed 3840K, reserved 1048576K
}
Event: 2.031 GC heap before
{Heap before GC invocations=4 (full 0):
 garbage-first heap   total 126976K, used 40916K [0x0000000085400000, 0x0000000100000000)
  region size 1024K, 25 young (25600K), 7 survivors (7168K)
 Metaspace       used 34957K, capacity 35375K, committed 35840K, reserved 1081344K
  class space    used 4272K, capacity 4466K, committed 4480K, reserved 1048576K
}
Event: 2.047 GC heap after
{Heap after GC invocations=5 (full 0):
 garbage-first heap   total 126976K, used 25791K [0x0000000085400000, 0x0000000100000000)
  region size 1024K, 3 young (3072K), 3 survivors (3072K)
 Metaspace       used 34957K, capacity 35375K, committed 35840K, reserved 1081344K
  class space    used 4272K, capacity 4466K, committed 4480K, reserved 1048576K
}
Event: 2.874 GC heap before
{Heap before GC invocations=6 (full 0):
 garbage-first heap   total 126976K, used 76991K [0x0000000085400000, 0x0000000100000000)
  region size 1024K, 53 young (54272K), 3 survivors (3072K)
 Metaspace       used 45697K, capacity 46230K, committed 47052K, reserved 1091584K
  class space    used 5336K, capacity 5538K, committed 5580K, reserved 1048576K
}
Event: 2.891 GC heap after
{Heap after GC invocations=7 (full 0):
 garbage-first heap   total 165888K, used 28351K [0x0000000085400000, 0x0000000100000000)
  region size 1024K, 7 young (7168K), 7 survivors (7168K)
 Metaspace       used 45697K, capacity 46230K, committed 47052K, reserved 1091584K
  class space    used 5336K, capacity 5538K, committed 5580K, reserved 1048576K
}

